[2026-01-31T14:02:49.130+0000] {taskinstance.py:1956} INFO - Dependencies all met for dep_context=non-requeueable deps ti=<TaskInstance: 02_retail_etl_hourly.sync_transactions manual__2026-01-31T14:02:48.194974+00:00 [queued]>
[2026-01-31T14:02:49.138+0000] {taskinstance.py:1956} INFO - Dependencies all met for dep_context=requeueable deps ti=<TaskInstance: 02_retail_etl_hourly.sync_transactions manual__2026-01-31T14:02:48.194974+00:00 [queued]>
[2026-01-31T14:02:49.139+0000] {taskinstance.py:2170} INFO - Starting attempt 1 of 2
[2026-01-31T14:02:49.152+0000] {taskinstance.py:2191} INFO - Executing <Task(PythonOperator): sync_transactions> on 2026-01-31 14:02:48.194974+00:00
[2026-01-31T14:02:49.157+0000] {standard_task_runner.py:60} INFO - Started process 66 to run task
[2026-01-31T14:02:49.161+0000] {standard_task_runner.py:87} INFO - Running: ['***', 'tasks', 'run', '02_retail_etl_hourly', 'sync_transactions', 'manual__2026-01-31T14:02:48.194974+00:00', '--job-id', '5', '--raw', '--subdir', 'DAGS_FOLDER/etl_retail_dag.py', '--cfg-path', '/tmp/tmp62ws_di9']
[2026-01-31T14:02:49.163+0000] {standard_task_runner.py:88} INFO - Job 5: Subtask sync_transactions
[2026-01-31T14:02:49.210+0000] {task_command.py:423} INFO - Running <TaskInstance: 02_retail_etl_hourly.sync_transactions manual__2026-01-31T14:02:48.194974+00:00 [running]> on host 69c816e99725
[2026-01-31T14:02:49.276+0000] {taskinstance.py:2480} INFO - Exporting env vars: AIRFLOW_CTX_DAG_OWNER='lion_parcel' AIRFLOW_CTX_DAG_ID='02_retail_etl_hourly' AIRFLOW_CTX_TASK_ID='sync_transactions' AIRFLOW_CTX_EXECUTION_DATE='2026-01-31T14:02:48.194974+00:00' AIRFLOW_CTX_TRY_NUMBER='1' AIRFLOW_CTX_DAG_RUN_ID='manual__2026-01-31T14:02:48.194974+00:00'
[2026-01-31T14:02:49.278+0000] {crypto.py:82} WARNING - empty cryptography key - values will not be stored encrypted.
[2026-01-31T14:02:49.280+0000] {base.py:83} INFO - Using connection ID 'DATA_WAREHOUSE' for task execution.
[2026-01-31T14:02:49.287+0000] {etl_retail_dag.py:35} INFO - Starting ETL with Watermark: 1970-01-01 00:00:00
[2026-01-31T14:02:49.288+0000] {base.py:83} INFO - Using connection ID 'SOURCE_DB' for task execution.
[2026-01-31T14:02:49.294+0000] {etl_retail_dag.py:52} INFO - Extracted 20 rows to sync.
[2026-01-31T14:02:49.295+0000] {base.py:83} INFO - Using connection ID 'DATA_WAREHOUSE' for task execution.
[2026-01-31T14:02:49.305+0000] {etl_retail_dag.py:71} INFO - Data synced successfully.
[2026-01-31T14:02:49.306+0000] {python.py:201} INFO - Done. Returned value was: None
[2026-01-31T14:02:49.314+0000] {taskinstance.py:1138} INFO - Marking task as SUCCESS. dag_id=02_retail_etl_hourly, task_id=sync_transactions, execution_date=20260131T140248, start_date=20260131T140249, end_date=20260131T140249
[2026-01-31T14:02:49.334+0000] {local_task_job_runner.py:234} INFO - Task exited with return code 0
[2026-01-31T14:02:49.348+0000] {taskinstance.py:3280} INFO - 0 downstream tasks scheduled from follow-on schedule check
