[2026-01-31T11:54:18.610+0000] {manager.py:469} INFO - Processing files using up to 2 processes at a time 
[2026-01-31T11:54:18.611+0000] {manager.py:470} INFO - Process each file at most once every 30 seconds
[2026-01-31T11:54:18.612+0000] {manager.py:471} INFO - Checking for new files in /opt/airflow/dags every 300 seconds
[2026-01-31T11:54:18.613+0000] {manager.py:738} INFO - Searching for files in /opt/airflow/dags
[2026-01-31T11:54:18.647+0000] {manager.py:741} INFO - There are 2 files in /opt/airflow/dags
[2026-01-31T11:54:18.813+0000] {manager.py:879} INFO - 
================================================================================
DAG File Processing Stats

File Path                                 PID  Runtime      # DAGs    # Errors  Last Runtime    Last Run
--------------------------------------  -----  ---------  --------  ----------  --------------  ----------
/opt/airflow/dags/etl_retail_dag.py        42  0.07s             0           0
/opt/airflow/dags/generate_data_dag.py     43  0.05s             0           0
================================================================================
[2026-01-31T11:54:49.044+0000] {manager.py:879} INFO - 
================================================================================
DAG File Processing Stats

File Path                               PID    Runtime      # DAGs    # Errors  Last Runtime    Last Run
--------------------------------------  -----  ---------  --------  ----------  --------------  -------------------
/opt/airflow/dags/etl_retail_dag.py                              1           0  0.45s           2026-01-31T11:54:19
/opt/airflow/dags/generate_data_dag.py                           1           0  0.43s           2026-01-31T11:54:19
================================================================================
[2026-01-31T11:55:19.887+0000] {manager.py:879} INFO - 
================================================================================
DAG File Processing Stats

File Path                                 PID  Runtime      # DAGs    # Errors  Last Runtime    Last Run
--------------------------------------  -----  ---------  --------  ----------  --------------  -------------------
/opt/airflow/dags/etl_retail_dag.py        46  0.03s             1           0  0.16s           2026-01-31T11:54:49
/opt/airflow/dags/generate_data_dag.py     47  0.01s             1           0  0.16s           2026-01-31T11:54:49
================================================================================
[2026-01-31T11:55:50.205+0000] {manager.py:879} INFO - 
================================================================================
DAG File Processing Stats

File Path                                 PID  Runtime      # DAGs    # Errors  Last Runtime    Last Run
--------------------------------------  -----  ---------  --------  ----------  --------------  -------------------
/opt/airflow/dags/etl_retail_dag.py        48  0.03s             1           0  0.16s           2026-01-31T11:55:20
/opt/airflow/dags/generate_data_dag.py     49  0.01s             1           0  0.15s           2026-01-31T11:55:20
================================================================================
[2026-01-31T11:56:17.736+0000] {manager.py:451} INFO - Exiting gracefully upon receiving signal 15
[2026-01-31T11:56:47.828+0000] {manager.py:469} INFO - Processing files using up to 2 processes at a time 
[2026-01-31T11:56:47.829+0000] {manager.py:470} INFO - Process each file at most once every 30 seconds
[2026-01-31T11:56:47.830+0000] {manager.py:471} INFO - Checking for new files in /opt/airflow/dags every 300 seconds
[2026-01-31T11:56:47.831+0000] {manager.py:738} INFO - Searching for files in /opt/airflow/dags
[2026-01-31T11:56:47.883+0000] {manager.py:741} INFO - There are 2 files in /opt/airflow/dags
[2026-01-31T11:56:48.052+0000] {manager.py:879} INFO - 
================================================================================
DAG File Processing Stats

File Path                                 PID  Runtime      # DAGs    # Errors  Last Runtime    Last Run
--------------------------------------  -----  ---------  --------  ----------  --------------  ----------
/opt/airflow/dags/etl_retail_dag.py        42  0.06s             0           0
/opt/airflow/dags/generate_data_dag.py     43  0.04s             0           0
================================================================================
[2026-01-31T11:57:18.434+0000] {manager.py:879} INFO - 
================================================================================
DAG File Processing Stats

File Path                                 PID  Runtime      # DAGs    # Errors  Last Runtime    Last Run
--------------------------------------  -----  ---------  --------  ----------  --------------  -------------------
/opt/airflow/dags/etl_retail_dag.py        44  0.04s             1           0  0.38s           2026-01-31T11:56:48
/opt/airflow/dags/generate_data_dag.py     45  0.01s             1           0  0.36s           2026-01-31T11:56:48
================================================================================
[2026-01-31T11:57:48.854+0000] {manager.py:879} INFO - 
================================================================================
DAG File Processing Stats

File Path                                 PID  Runtime      # DAGs    # Errors  Last Runtime    Last Run
--------------------------------------  -----  ---------  --------  ----------  --------------  -------------------
/opt/airflow/dags/etl_retail_dag.py        46  0.03s             1           0  0.19s           2026-01-31T11:57:18
/opt/airflow/dags/generate_data_dag.py     47  0.01s             1           0  0.17s           2026-01-31T11:57:18
================================================================================
[2026-01-31T11:58:19.312+0000] {manager.py:879} INFO - 
================================================================================
DAG File Processing Stats

File Path                                 PID  Runtime      # DAGs    # Errors  Last Runtime    Last Run
--------------------------------------  -----  ---------  --------  ----------  --------------  -------------------
/opt/airflow/dags/etl_retail_dag.py        48  0.03s             1           0  0.15s           2026-01-31T11:57:48
/opt/airflow/dags/generate_data_dag.py     49  0.01s             1           0  0.14s           2026-01-31T11:57:48
================================================================================
[2026-01-31T11:58:49.807+0000] {manager.py:879} INFO - 
================================================================================
DAG File Processing Stats

File Path                                 PID  Runtime      # DAGs    # Errors  Last Runtime    Last Run
--------------------------------------  -----  ---------  --------  ----------  --------------  -------------------
/opt/airflow/dags/etl_retail_dag.py        50  0.02s             1           0  0.14s           2026-01-31T11:58:19
/opt/airflow/dags/generate_data_dag.py     51  0.00s             1           0  0.13s           2026-01-31T11:58:19
================================================================================
[2026-01-31T11:59:20.208+0000] {manager.py:879} INFO - 
================================================================================
DAG File Processing Stats

File Path                                 PID  Runtime      # DAGs    # Errors  Last Runtime    Last Run
--------------------------------------  -----  ---------  --------  ----------  --------------  -------------------
/opt/airflow/dags/etl_retail_dag.py        52  0.03s             1           0  0.13s           2026-01-31T11:58:49
/opt/airflow/dags/generate_data_dag.py     53  0.01s             1           0  0.11s           2026-01-31T11:58:49
================================================================================
[2026-01-31T11:59:32.809+0000] {manager.py:451} INFO - Exiting gracefully upon receiving signal 15
[2026-01-31T11:59:54.408+0000] {manager.py:469} INFO - Processing files using up to 2 processes at a time 
[2026-01-31T11:59:54.410+0000] {manager.py:470} INFO - Process each file at most once every 30 seconds
[2026-01-31T11:59:54.411+0000] {manager.py:471} INFO - Checking for new files in /opt/airflow/dags every 300 seconds
[2026-01-31T11:59:54.412+0000] {manager.py:738} INFO - Searching for files in /opt/airflow/dags
[2026-01-31T11:59:54.465+0000] {manager.py:741} INFO - There are 2 files in /opt/airflow/dags
[2026-01-31T11:59:54.611+0000] {manager.py:879} INFO - 
================================================================================
DAG File Processing Stats

File Path                                 PID  Runtime      # DAGs    # Errors  Last Runtime    Last Run
--------------------------------------  -----  ---------  --------  ----------  --------------  ----------
/opt/airflow/dags/etl_retail_dag.py        42  0.05s             0           0
/opt/airflow/dags/generate_data_dag.py     43  0.04s             0           0
================================================================================
[2026-01-31T12:00:25.291+0000] {manager.py:879} INFO - 
================================================================================
DAG File Processing Stats

File Path                                 PID  Runtime      # DAGs    # Errors  Last Runtime    Last Run
--------------------------------------  -----  ---------  --------  ----------  --------------  -------------------
/opt/airflow/dags/etl_retail_dag.py        44  0.03s             1           0  0.36s           2026-01-31T11:59:54
/opt/airflow/dags/generate_data_dag.py     45  0.01s             1           0  0.35s           2026-01-31T11:59:54
================================================================================
[2026-01-31T12:00:55.809+0000] {manager.py:879} INFO - 
================================================================================
DAG File Processing Stats

File Path                                 PID  Runtime      # DAGs    # Errors  Last Runtime    Last Run
--------------------------------------  -----  ---------  --------  ----------  --------------  -------------------
/opt/airflow/dags/etl_retail_dag.py        46  0.03s             1           0  0.14s           2026-01-31T12:00:25
/opt/airflow/dags/generate_data_dag.py     47  0.01s             1           0  0.13s           2026-01-31T12:00:25
================================================================================
[2026-01-31T12:01:26.469+0000] {manager.py:879} INFO - 
================================================================================
DAG File Processing Stats

File Path                                 PID  Runtime      # DAGs    # Errors  Last Runtime    Last Run
--------------------------------------  -----  ---------  --------  ----------  --------------  -------------------
/opt/airflow/dags/etl_retail_dag.py        48  0.04s             1           0  0.22s           2026-01-31T12:00:56
/opt/airflow/dags/generate_data_dag.py     49  0.01s             1           0  0.22s           2026-01-31T12:00:56
================================================================================
[2026-01-31T12:01:28.951+0000] {manager.py:451} INFO - Exiting gracefully upon receiving signal 15
[2026-01-31T12:01:57.247+0000] {manager.py:469} INFO - Processing files using up to 2 processes at a time 
[2026-01-31T12:01:57.248+0000] {manager.py:470} INFO - Process each file at most once every 30 seconds
[2026-01-31T12:01:57.249+0000] {manager.py:471} INFO - Checking for new files in /opt/airflow/dags every 300 seconds
[2026-01-31T12:01:57.250+0000] {manager.py:738} INFO - Searching for files in /opt/airflow/dags
[2026-01-31T12:01:57.291+0000] {manager.py:741} INFO - There are 2 files in /opt/airflow/dags
[2026-01-31T12:01:57.445+0000] {manager.py:879} INFO - 
================================================================================
DAG File Processing Stats

File Path                                 PID  Runtime      # DAGs    # Errors  Last Runtime    Last Run
--------------------------------------  -----  ---------  --------  ----------  --------------  ----------
/opt/airflow/dags/etl_retail_dag.py        42  0.07s             0           0
/opt/airflow/dags/generate_data_dag.py     43  0.04s             0           0
================================================================================
[2026-01-31T12:02:27.753+0000] {manager.py:879} INFO - 
================================================================================
DAG File Processing Stats

File Path                               PID    Runtime      # DAGs    # Errors  Last Runtime    Last Run
--------------------------------------  -----  ---------  --------  ----------  --------------  -------------------
/opt/airflow/dags/etl_retail_dag.py                              1           0  0.38s           2026-01-31T12:01:57
/opt/airflow/dags/generate_data_dag.py                           1           0  0.37s           2026-01-31T12:01:57
================================================================================
[2026-01-31T12:02:58.553+0000] {manager.py:879} INFO - 
================================================================================
DAG File Processing Stats

File Path                                 PID  Runtime      # DAGs    # Errors  Last Runtime    Last Run
--------------------------------------  -----  ---------  --------  ----------  --------------  -------------------
/opt/airflow/dags/etl_retail_dag.py        46  0.02s             1           0  0.11s           2026-01-31T12:02:28
/opt/airflow/dags/generate_data_dag.py     47  0.00s             1           0  0.10s           2026-01-31T12:02:28
================================================================================
[2026-01-31T12:02:59.052+0000] {manager.py:451} INFO - Exiting gracefully upon receiving signal 15
[2026-01-31T12:04:33.832+0000] {manager.py:469} INFO - Processing files using up to 2 processes at a time 
[2026-01-31T12:04:33.833+0000] {manager.py:470} INFO - Process each file at most once every 30 seconds
[2026-01-31T12:04:33.834+0000] {manager.py:471} INFO - Checking for new files in /opt/airflow/dags every 300 seconds
[2026-01-31T12:04:33.835+0000] {manager.py:738} INFO - Searching for files in /opt/airflow/dags
[2026-01-31T12:04:33.873+0000] {manager.py:741} INFO - There are 2 files in /opt/airflow/dags
[2026-01-31T12:04:34.008+0000] {manager.py:879} INFO - 
================================================================================
DAG File Processing Stats

File Path                                 PID  Runtime      # DAGs    # Errors  Last Runtime    Last Run
--------------------------------------  -----  ---------  --------  ----------  --------------  ----------
/opt/airflow/dags/etl_retail_dag.py        42  0.06s             0           0
/opt/airflow/dags/generate_data_dag.py     43  0.04s             0           0
================================================================================
[2026-01-31T12:05:04.355+0000] {manager.py:879} INFO - 
================================================================================
DAG File Processing Stats

File Path                                 PID  Runtime      # DAGs    # Errors  Last Runtime    Last Run
--------------------------------------  -----  ---------  --------  ----------  --------------  -------------------
/opt/airflow/dags/etl_retail_dag.py                              1           0  0.38s           2026-01-31T12:04:34
/opt/airflow/dags/generate_data_dag.py     44  0.01s             1           0  0.36s           2026-01-31T12:04:34
================================================================================
[2026-01-31T12:05:34.958+0000] {manager.py:879} INFO - 
================================================================================
DAG File Processing Stats

File Path                                 PID  Runtime      # DAGs    # Errors  Last Runtime    Last Run
--------------------------------------  -----  ---------  --------  ----------  --------------  -------------------
/opt/airflow/dags/etl_retail_dag.py        46  0.02s             1           0  0.15s           2026-01-31T12:05:04
/opt/airflow/dags/generate_data_dag.py     47  0.01s             1           0  0.19s           2026-01-31T12:05:04
================================================================================
[2026-01-31T12:06:05.184+0000] {manager.py:451} INFO - Exiting gracefully upon receiving signal 15
[2026-01-31T12:06:24.945+0000] {manager.py:469} INFO - Processing files using up to 2 processes at a time 
[2026-01-31T12:06:24.946+0000] {manager.py:470} INFO - Process each file at most once every 30 seconds
[2026-01-31T12:06:24.947+0000] {manager.py:471} INFO - Checking for new files in /opt/airflow/dags every 300 seconds
[2026-01-31T12:06:24.948+0000] {manager.py:738} INFO - Searching for files in /opt/airflow/dags
[2026-01-31T12:06:24.986+0000] {manager.py:741} INFO - There are 2 files in /opt/airflow/dags
[2026-01-31T12:06:25.125+0000] {manager.py:879} INFO - 
================================================================================
DAG File Processing Stats

File Path                                 PID  Runtime      # DAGs    # Errors  Last Runtime    Last Run
--------------------------------------  -----  ---------  --------  ----------  --------------  ----------
/opt/airflow/dags/etl_retail_dag.py        42  0.06s             0           0
/opt/airflow/dags/generate_data_dag.py     43  0.04s             0           0
================================================================================
[2026-01-31T12:06:36.154+0000] {manager.py:451} INFO - Exiting gracefully upon receiving signal 15
[2026-01-31T12:06:55.591+0000] {manager.py:469} INFO - Processing files using up to 2 processes at a time 
[2026-01-31T12:06:55.592+0000] {manager.py:470} INFO - Process each file at most once every 30 seconds
[2026-01-31T12:06:55.593+0000] {manager.py:471} INFO - Checking for new files in /opt/airflow/dags every 300 seconds
[2026-01-31T12:06:55.594+0000] {manager.py:738} INFO - Searching for files in /opt/airflow/dags
[2026-01-31T12:06:55.638+0000] {manager.py:741} INFO - There are 2 files in /opt/airflow/dags
[2026-01-31T12:06:55.789+0000] {manager.py:879} INFO - 
================================================================================
DAG File Processing Stats

File Path                                 PID  Runtime      # DAGs    # Errors  Last Runtime    Last Run
--------------------------------------  -----  ---------  --------  ----------  --------------  ----------
/opt/airflow/dags/etl_retail_dag.py        42  0.07s             0           0
/opt/airflow/dags/generate_data_dag.py     43  0.05s             0           0
================================================================================
[2026-01-31T12:07:26.018+0000] {manager.py:879} INFO - 
================================================================================
DAG File Processing Stats

File Path                               PID    Runtime      # DAGs    # Errors  Last Runtime    Last Run
--------------------------------------  -----  ---------  --------  ----------  --------------  -------------------
/opt/airflow/dags/etl_retail_dag.py                              1           0  0.43s           2026-01-31T12:06:56
/opt/airflow/dags/generate_data_dag.py                           1           0  0.41s           2026-01-31T12:06:56
================================================================================
[2026-01-31T12:07:56.972+0000] {manager.py:879} INFO - 
================================================================================
DAG File Processing Stats

File Path                                 PID  Runtime      # DAGs    # Errors  Last Runtime    Last Run
--------------------------------------  -----  ---------  --------  ----------  --------------  -------------------
/opt/airflow/dags/etl_retail_dag.py        46  0.02s             1           0  0.15s           2026-01-31T12:07:26
/opt/airflow/dags/generate_data_dag.py     47  0.01s             1           0  0.13s           2026-01-31T12:07:26
================================================================================
[2026-01-31T12:08:27.409+0000] {manager.py:879} INFO - 
================================================================================
DAG File Processing Stats

File Path                                 PID  Runtime      # DAGs    # Errors  Last Runtime    Last Run
--------------------------------------  -----  ---------  --------  ----------  --------------  -------------------
/opt/airflow/dags/etl_retail_dag.py        48  0.03s             1           0  0.15s           2026-01-31T12:07:57
/opt/airflow/dags/generate_data_dag.py     49  0.01s             1           0  0.14s           2026-01-31T12:07:57
================================================================================
[2026-01-31T12:08:57.873+0000] {manager.py:879} INFO - 
================================================================================
DAG File Processing Stats

File Path                                 PID  Runtime      # DAGs    # Errors  Last Runtime    Last Run
--------------------------------------  -----  ---------  --------  ----------  --------------  -------------------
/opt/airflow/dags/etl_retail_dag.py        50  0.04s             1           0  0.18s           2026-01-31T12:08:27
/opt/airflow/dags/generate_data_dag.py     51  0.00s             1           0  0.15s           2026-01-31T12:08:27
================================================================================
[2026-01-31T12:09:28.255+0000] {manager.py:879} INFO - 
================================================================================
DAG File Processing Stats

File Path                                 PID  Runtime      # DAGs    # Errors  Last Runtime    Last Run
--------------------------------------  -----  ---------  --------  ----------  --------------  -------------------
/opt/airflow/dags/etl_retail_dag.py        52  0.03s             1           0  0.19s           2026-01-31T12:08:58
/opt/airflow/dags/generate_data_dag.py     53  0.00s             1           0  0.15s           2026-01-31T12:08:58
================================================================================
[2026-01-31T12:09:58.806+0000] {manager.py:879} INFO - 
================================================================================
DAG File Processing Stats

File Path                                 PID  Runtime      # DAGs    # Errors  Last Runtime    Last Run
--------------------------------------  -----  ---------  --------  ----------  --------------  -------------------
/opt/airflow/dags/etl_retail_dag.py        54  0.02s             1           0  0.17s           2026-01-31T12:09:28
/opt/airflow/dags/generate_data_dag.py     55  0.00s             1           0  0.16s           2026-01-31T12:09:28
================================================================================
[2026-01-31T12:10:29.218+0000] {manager.py:879} INFO - 
================================================================================
DAG File Processing Stats

File Path                                 PID  Runtime      # DAGs    # Errors  Last Runtime    Last Run
--------------------------------------  -----  ---------  --------  ----------  --------------  -------------------
/opt/airflow/dags/etl_retail_dag.py        56  0.02s             1           0  0.14s           2026-01-31T12:09:58
/opt/airflow/dags/generate_data_dag.py     57  0.00s             1           0  0.13s           2026-01-31T12:09:58
================================================================================
[2026-01-31T12:10:59.728+0000] {manager.py:879} INFO - 
================================================================================
DAG File Processing Stats

File Path                                 PID  Runtime      # DAGs    # Errors  Last Runtime    Last Run
--------------------------------------  -----  ---------  --------  ----------  --------------  -------------------
/opt/airflow/dags/etl_retail_dag.py        58  0.02s             1           0  0.13s           2026-01-31T12:10:29
/opt/airflow/dags/generate_data_dag.py     59  0.00s             1           0  0.12s           2026-01-31T12:10:29
================================================================================
[2026-01-31T12:11:30.119+0000] {manager.py:879} INFO - 
================================================================================
DAG File Processing Stats

File Path                                 PID  Runtime      # DAGs    # Errors  Last Runtime    Last Run
--------------------------------------  -----  ---------  --------  ----------  --------------  -------------------
/opt/airflow/dags/etl_retail_dag.py        60  0.02s             1           0  0.12s           2026-01-31T12:10:59
/opt/airflow/dags/generate_data_dag.py     61  0.00s             1           0  0.11s           2026-01-31T12:10:59
================================================================================
[2026-01-31T12:11:56.497+0000] {manager.py:738} INFO - Searching for files in /opt/airflow/dags
[2026-01-31T12:11:56.556+0000] {manager.py:741} INFO - There are 2 files in /opt/airflow/dags
[2026-01-31T12:12:00.666+0000] {manager.py:879} INFO - 
================================================================================
DAG File Processing Stats

File Path                                 PID  Runtime      # DAGs    # Errors  Last Runtime    Last Run
--------------------------------------  -----  ---------  --------  ----------  --------------  -------------------
/opt/airflow/dags/etl_retail_dag.py        62  0.03s             1           0  0.12s           2026-01-31T12:11:30
/opt/airflow/dags/generate_data_dag.py     63  0.01s             1           0  0.11s           2026-01-31T12:11:30
================================================================================
[2026-01-31T12:12:31.189+0000] {manager.py:879} INFO - 
================================================================================
DAG File Processing Stats

File Path                                 PID  Runtime      # DAGs    # Errors  Last Runtime    Last Run
--------------------------------------  -----  ---------  --------  ----------  --------------  -------------------
/opt/airflow/dags/etl_retail_dag.py        64  0.03s             1           0  0.16s           2026-01-31T12:12:00
/opt/airflow/dags/generate_data_dag.py     65  0.00s             1           0  0.14s           2026-01-31T12:12:00
================================================================================
[2026-01-31T12:13:01.577+0000] {manager.py:879} INFO - 
================================================================================
DAG File Processing Stats

File Path                                 PID  Runtime      # DAGs    # Errors  Last Runtime    Last Run
--------------------------------------  -----  ---------  --------  ----------  --------------  -------------------
/opt/airflow/dags/etl_retail_dag.py        66  0.04s             1           0  0.15s           2026-01-31T12:12:31
/opt/airflow/dags/generate_data_dag.py     67  0.01s             1           0  0.14s           2026-01-31T12:12:31
================================================================================
[2026-01-31T12:13:32.015+0000] {manager.py:879} INFO - 
================================================================================
DAG File Processing Stats

File Path                                 PID  Runtime      # DAGs    # Errors  Last Runtime    Last Run
--------------------------------------  -----  ---------  --------  ----------  --------------  -------------------
/opt/airflow/dags/etl_retail_dag.py        68  0.02s             1           0  0.16s           2026-01-31T12:13:01
/opt/airflow/dags/generate_data_dag.py     69  0.00s             1           0  0.14s           2026-01-31T12:13:01
================================================================================
[2026-01-31T12:14:02.372+0000] {manager.py:879} INFO - 
================================================================================
DAG File Processing Stats

File Path                                 PID  Runtime      # DAGs    # Errors  Last Runtime    Last Run
--------------------------------------  -----  ---------  --------  ----------  --------------  -------------------
/opt/airflow/dags/etl_retail_dag.py        70  0.03s             1           0  0.15s           2026-01-31T12:13:32
/opt/airflow/dags/generate_data_dag.py     71  0.00s             1           0  0.14s           2026-01-31T12:13:32
================================================================================
[2026-01-31T12:14:32.823+0000] {manager.py:879} INFO - 
================================================================================
DAG File Processing Stats

File Path                                 PID  Runtime      # DAGs    # Errors  Last Runtime    Last Run
--------------------------------------  -----  ---------  --------  ----------  --------------  -------------------
/opt/airflow/dags/etl_retail_dag.py        72  0.02s             1           0  0.16s           2026-01-31T12:14:02
/opt/airflow/dags/generate_data_dag.py     73  0.01s             1           0  0.14s           2026-01-31T12:14:02
================================================================================
[2026-01-31T12:15:03.234+0000] {manager.py:879} INFO - 
================================================================================
DAG File Processing Stats

File Path                                 PID  Runtime      # DAGs    # Errors  Last Runtime    Last Run
--------------------------------------  -----  ---------  --------  ----------  --------------  -------------------
/opt/airflow/dags/etl_retail_dag.py        74  0.04s             1           0  0.14s           2026-01-31T12:14:32
/opt/airflow/dags/generate_data_dag.py     75  0.01s             1           0  0.13s           2026-01-31T12:14:32
================================================================================
[2026-01-31T12:15:33.752+0000] {manager.py:879} INFO - 
================================================================================
DAG File Processing Stats

File Path                                 PID  Runtime      # DAGs    # Errors  Last Runtime    Last Run
--------------------------------------  -----  ---------  --------  ----------  --------------  -------------------
/opt/airflow/dags/etl_retail_dag.py        76  0.03s             1           0  0.17s           2026-01-31T12:15:03
/opt/airflow/dags/generate_data_dag.py     77  0.01s             1           0  0.15s           2026-01-31T12:15:03
================================================================================
[2026-01-31T12:16:04.143+0000] {manager.py:879} INFO - 
================================================================================
DAG File Processing Stats

File Path                                 PID  Runtime      # DAGs    # Errors  Last Runtime    Last Run
--------------------------------------  -----  ---------  --------  ----------  --------------  -------------------
/opt/airflow/dags/etl_retail_dag.py        78  0.03s             1           0  0.18s           2026-01-31T12:15:33
/opt/airflow/dags/generate_data_dag.py     79  0.01s             1           0  0.15s           2026-01-31T12:15:33
================================================================================
[2026-01-31T12:16:34.642+0000] {manager.py:879} INFO - 
================================================================================
DAG File Processing Stats

File Path                                 PID  Runtime      # DAGs    # Errors  Last Runtime    Last Run
--------------------------------------  -----  ---------  --------  ----------  --------------  -------------------
/opt/airflow/dags/etl_retail_dag.py        80  0.03s             1           0  0.17s           2026-01-31T12:16:04
/opt/airflow/dags/generate_data_dag.py     81  0.01s             1           0  0.16s           2026-01-31T12:16:04
================================================================================
[2026-01-31T12:16:56.888+0000] {manager.py:738} INFO - Searching for files in /opt/airflow/dags
[2026-01-31T12:16:56.929+0000] {manager.py:741} INFO - There are 2 files in /opt/airflow/dags
[2026-01-31T12:17:05.088+0000] {manager.py:879} INFO - 
================================================================================
DAG File Processing Stats

File Path                                 PID  Runtime      # DAGs    # Errors  Last Runtime    Last Run
--------------------------------------  -----  ---------  --------  ----------  --------------  -------------------
/opt/airflow/dags/etl_retail_dag.py        82  0.03s             1           0  0.15s           2026-01-31T12:16:34
/opt/airflow/dags/generate_data_dag.py     83  0.00s             1           0  0.13s           2026-01-31T12:16:34
================================================================================
[2026-01-31T12:17:35.595+0000] {manager.py:879} INFO - 
================================================================================
DAG File Processing Stats

File Path                                 PID  Runtime      # DAGs    # Errors  Last Runtime    Last Run
--------------------------------------  -----  ---------  --------  ----------  --------------  -------------------
/opt/airflow/dags/etl_retail_dag.py        84  0.03s             1           0  0.16s           2026-01-31T12:17:05
/opt/airflow/dags/generate_data_dag.py     85  0.01s             1           0  0.14s           2026-01-31T12:17:05
================================================================================
[2026-01-31T12:18:05.969+0000] {manager.py:879} INFO - 
================================================================================
DAG File Processing Stats

File Path                                 PID  Runtime      # DAGs    # Errors  Last Runtime    Last Run
--------------------------------------  -----  ---------  --------  ----------  --------------  -------------------
/opt/airflow/dags/etl_retail_dag.py        86  0.03s             1           0  0.16s           2026-01-31T12:17:35
/opt/airflow/dags/generate_data_dag.py     87  0.00s             1           0  0.14s           2026-01-31T12:17:35
================================================================================
[2026-01-31T12:18:36.476+0000] {manager.py:879} INFO - 
================================================================================
DAG File Processing Stats

File Path                                 PID  Runtime      # DAGs    # Errors  Last Runtime    Last Run
--------------------------------------  -----  ---------  --------  ----------  --------------  -------------------
/opt/airflow/dags/etl_retail_dag.py        88  0.02s             1           0  0.15s           2026-01-31T12:18:06
/opt/airflow/dags/generate_data_dag.py     89  0.00s             1           0  0.14s           2026-01-31T12:18:06
================================================================================
[2026-01-31T12:19:06.892+0000] {manager.py:879} INFO - 
================================================================================
DAG File Processing Stats

File Path                                 PID  Runtime      # DAGs    # Errors  Last Runtime    Last Run
--------------------------------------  -----  ---------  --------  ----------  --------------  -------------------
/opt/airflow/dags/etl_retail_dag.py        90  0.03s             1           0  0.18s           2026-01-31T12:18:36
/opt/airflow/dags/generate_data_dag.py     91  0.01s             1           0  0.18s           2026-01-31T12:18:36
================================================================================
[2026-01-31T12:19:37.332+0000] {manager.py:879} INFO - 
================================================================================
DAG File Processing Stats

File Path                                 PID  Runtime      # DAGs    # Errors  Last Runtime    Last Run
--------------------------------------  -----  ---------  --------  ----------  --------------  -------------------
/opt/airflow/dags/etl_retail_dag.py        92  0.02s             1           0  0.20s           2026-01-31T12:19:07
/opt/airflow/dags/generate_data_dag.py     93  0.00s             1           0  0.19s           2026-01-31T12:19:07
================================================================================
[2026-01-31T12:20:07.764+0000] {manager.py:879} INFO - 
================================================================================
DAG File Processing Stats

File Path                                 PID  Runtime      # DAGs    # Errors  Last Runtime    Last Run
--------------------------------------  -----  ---------  --------  ----------  --------------  -------------------
/opt/airflow/dags/etl_retail_dag.py        94  0.03s             1           0  0.15s           2026-01-31T12:19:37
/opt/airflow/dags/generate_data_dag.py     95  0.01s             1           0  0.14s           2026-01-31T12:19:37
================================================================================
[2026-01-31T12:20:12.409+0000] {manager.py:451} INFO - Exiting gracefully upon receiving signal 15
[2026-01-31T13:41:41.642+0000] {manager.py:469} INFO - Processing files using up to 2 processes at a time 
[2026-01-31T13:41:41.643+0000] {manager.py:470} INFO - Process each file at most once every 30 seconds
[2026-01-31T13:41:41.643+0000] {manager.py:471} INFO - Checking for new files in /opt/airflow/dags every 300 seconds
[2026-01-31T13:41:41.645+0000] {manager.py:738} INFO - Searching for files in /opt/airflow/dags
[2026-01-31T13:41:41.693+0000] {manager.py:741} INFO - There are 2 files in /opt/airflow/dags
[2026-01-31T13:41:41.824+0000] {manager.py:879} INFO - 
================================================================================
DAG File Processing Stats

File Path                                 PID  Runtime      # DAGs    # Errors  Last Runtime    Last Run
--------------------------------------  -----  ---------  --------  ----------  --------------  ----------
/opt/airflow/dags/etl_retail_dag.py        42  0.05s             0           0
/opt/airflow/dags/generate_data_dag.py     43  0.04s             0           0
================================================================================
[2026-01-31T13:42:12.422+0000] {manager.py:879} INFO - 
================================================================================
DAG File Processing Stats

File Path                                 PID  Runtime      # DAGs    # Errors  Last Runtime    Last Run
--------------------------------------  -----  ---------  --------  ----------  --------------  -------------------
/opt/airflow/dags/etl_retail_dag.py        44  0.03s             1           0  0.38s           2026-01-31T13:41:42
/opt/airflow/dags/generate_data_dag.py     45  0.01s             1           0  0.36s           2026-01-31T13:41:42
================================================================================
[2026-01-31T13:42:42.997+0000] {manager.py:879} INFO - 
================================================================================
DAG File Processing Stats

File Path                                 PID  Runtime      # DAGs    # Errors  Last Runtime    Last Run
--------------------------------------  -----  ---------  --------  ----------  --------------  -------------------
/opt/airflow/dags/etl_retail_dag.py        54  0.03s             1           0  0.18s           2026-01-31T13:42:12
/opt/airflow/dags/generate_data_dag.py     55  0.01s             1           0  0.17s           2026-01-31T13:42:12
================================================================================
[2026-01-31T13:43:13.522+0000] {manager.py:879} INFO - 
================================================================================
DAG File Processing Stats

File Path                                 PID  Runtime      # DAGs    # Errors  Last Runtime    Last Run
--------------------------------------  -----  ---------  --------  ----------  --------------  -------------------
/opt/airflow/dags/etl_retail_dag.py        56  0.02s             1           0  0.22s           2026-01-31T13:42:43
/opt/airflow/dags/generate_data_dag.py     57  0.01s             1           0  0.18s           2026-01-31T13:42:43
================================================================================
[2026-01-31T13:43:43.995+0000] {manager.py:879} INFO - 
================================================================================
DAG File Processing Stats

File Path                                 PID  Runtime      # DAGs    # Errors  Last Runtime    Last Run
--------------------------------------  -----  ---------  --------  ----------  --------------  -------------------
/opt/airflow/dags/etl_retail_dag.py        58  0.02s             1           0  0.15s           2026-01-31T13:43:13
/opt/airflow/dags/generate_data_dag.py     59  0.00s             1           0  0.13s           2026-01-31T13:43:13
================================================================================
[2026-01-31T13:44:14.372+0000] {manager.py:879} INFO - 
================================================================================
DAG File Processing Stats

File Path                                 PID  Runtime      # DAGs    # Errors  Last Runtime    Last Run
--------------------------------------  -----  ---------  --------  ----------  --------------  -------------------
/opt/airflow/dags/etl_retail_dag.py        60  0.02s             1           0  0.24s           2026-01-31T13:43:44
/opt/airflow/dags/generate_data_dag.py     61  0.01s             1           0  0.22s           2026-01-31T13:43:44
================================================================================
[2026-01-31T13:44:44.930+0000] {manager.py:879} INFO - 
================================================================================
DAG File Processing Stats

File Path                                 PID  Runtime      # DAGs    # Errors  Last Runtime    Last Run
--------------------------------------  -----  ---------  --------  ----------  --------------  -------------------
/opt/airflow/dags/etl_retail_dag.py        62  0.03s             1           0  0.15s           2026-01-31T13:44:14
/opt/airflow/dags/generate_data_dag.py     63  0.01s             1           0  0.14s           2026-01-31T13:44:14
================================================================================
[2026-01-31T13:45:15.465+0000] {manager.py:879} INFO - 
================================================================================
DAG File Processing Stats

File Path                                 PID  Runtime      # DAGs    # Errors  Last Runtime    Last Run
--------------------------------------  -----  ---------  --------  ----------  --------------  -------------------
/opt/airflow/dags/etl_retail_dag.py        64  0.02s             1           0  0.14s           2026-01-31T13:44:45
/opt/airflow/dags/generate_data_dag.py     65  0.00s             1           0  0.13s           2026-01-31T13:44:45
================================================================================
[2026-01-31T13:45:45.870+0000] {manager.py:879} INFO - 
================================================================================
DAG File Processing Stats

File Path                                 PID  Runtime      # DAGs    # Errors  Last Runtime    Last Run
--------------------------------------  -----  ---------  --------  ----------  --------------  -------------------
/opt/airflow/dags/etl_retail_dag.py        66  0.02s             1           0  0.13s           2026-01-31T13:45:15
/opt/airflow/dags/generate_data_dag.py     67  0.01s             1           0  0.11s           2026-01-31T13:45:15
================================================================================
[2026-01-31T13:46:16.356+0000] {manager.py:879} INFO - 
================================================================================
DAG File Processing Stats

File Path                                 PID  Runtime      # DAGs    # Errors  Last Runtime    Last Run
--------------------------------------  -----  ---------  --------  ----------  --------------  -------------------
/opt/airflow/dags/etl_retail_dag.py        68  0.02s             1           0  0.13s           2026-01-31T13:45:45
/opt/airflow/dags/generate_data_dag.py     69  0.00s             1           0  0.12s           2026-01-31T13:45:45
================================================================================
[2026-01-31T13:46:41.645+0000] {manager.py:738} INFO - Searching for files in /opt/airflow/dags
[2026-01-31T13:46:41.693+0000] {manager.py:741} INFO - There are 2 files in /opt/airflow/dags
[2026-01-31T13:46:46.813+0000] {manager.py:879} INFO - 
================================================================================
DAG File Processing Stats

File Path                                 PID  Runtime      # DAGs    # Errors  Last Runtime    Last Run
--------------------------------------  -----  ---------  --------  ----------  --------------  -------------------
/opt/airflow/dags/etl_retail_dag.py        70  0.03s             1           0  0.13s           2026-01-31T13:46:16
/opt/airflow/dags/generate_data_dag.py     71  0.00s             1           0  0.12s           2026-01-31T13:46:16
================================================================================
[2026-01-31T13:47:17.197+0000] {manager.py:879} INFO - 
================================================================================
DAG File Processing Stats

File Path                                 PID  Runtime      # DAGs    # Errors  Last Runtime    Last Run
--------------------------------------  -----  ---------  --------  ----------  --------------  -------------------
/opt/airflow/dags/etl_retail_dag.py        72  0.02s             1           0  0.14s           2026-01-31T13:46:46
/opt/airflow/dags/generate_data_dag.py     73  0.00s             1           0  0.12s           2026-01-31T13:46:46
================================================================================
[2026-01-31T13:47:47.644+0000] {manager.py:879} INFO - 
================================================================================
DAG File Processing Stats

File Path                                 PID  Runtime      # DAGs    # Errors  Last Runtime    Last Run
--------------------------------------  -----  ---------  --------  ----------  --------------  -------------------
/opt/airflow/dags/etl_retail_dag.py        74  0.02s             1           0  0.13s           2026-01-31T13:47:17
/opt/airflow/dags/generate_data_dag.py     75  0.01s             1           0  0.12s           2026-01-31T13:47:17
================================================================================
[2026-01-31T13:48:18.430+0000] {manager.py:879} INFO - 
================================================================================
DAG File Processing Stats

File Path                                 PID  Runtime      # DAGs    # Errors  Last Runtime    Last Run
--------------------------------------  -----  ---------  --------  ----------  --------------  -------------------
/opt/airflow/dags/etl_retail_dag.py                              1           0  0.21s           2026-01-31T13:47:59
/opt/airflow/dags/generate_data_dag.py     80  0.00s             1           0  0.12s           2026-01-31T13:47:47
================================================================================
[2026-01-31T13:48:49.022+0000] {manager.py:879} INFO - 
================================================================================
DAG File Processing Stats

File Path                                 PID  Runtime      # DAGs    # Errors  Last Runtime    Last Run
--------------------------------------  -----  ---------  --------  ----------  --------------  -------------------
/opt/airflow/dags/etl_retail_dag.py                              1           0  0.26s           2026-01-31T13:48:29
/opt/airflow/dags/generate_data_dag.py     82  0.01s             1           0  0.19s           2026-01-31T13:48:18
================================================================================
[2026-01-31T13:49:19.542+0000] {manager.py:879} INFO - 
================================================================================
DAG File Processing Stats

File Path                                 PID  Runtime      # DAGs    # Errors  Last Runtime    Last Run
--------------------------------------  -----  ---------  --------  ----------  --------------  -------------------
/opt/airflow/dags/etl_retail_dag.py                              1           0  0.14s           2026-01-31T13:49:00
/opt/airflow/dags/generate_data_dag.py     84  0.01s             1           0  0.17s           2026-01-31T13:48:49
================================================================================
[2026-01-31T13:49:50.140+0000] {manager.py:879} INFO - 
================================================================================
DAG File Processing Stats

File Path                                 PID  Runtime      # DAGs    # Errors  Last Runtime    Last Run
--------------------------------------  -----  ---------  --------  ----------  --------------  -------------------
/opt/airflow/dags/etl_retail_dag.py                              1           0  0.17s           2026-01-31T13:49:30
/opt/airflow/dags/generate_data_dag.py     86  0.01s             1           0  0.18s           2026-01-31T13:49:19
================================================================================
[2026-01-31T13:50:20.709+0000] {manager.py:879} INFO - 
================================================================================
DAG File Processing Stats

File Path                                 PID  Runtime      # DAGs    # Errors  Last Runtime    Last Run
--------------------------------------  -----  ---------  --------  ----------  --------------  -------------------
/opt/airflow/dags/etl_retail_dag.py                              1           0  0.17s           2026-01-31T13:50:01
/opt/airflow/dags/generate_data_dag.py     88  0.00s             1           0  0.21s           2026-01-31T13:49:50
================================================================================
[2026-01-31T13:50:51.222+0000] {manager.py:879} INFO - 
================================================================================
DAG File Processing Stats

File Path                                 PID  Runtime      # DAGs    # Errors  Last Runtime    Last Run
--------------------------------------  -----  ---------  --------  ----------  --------------  -------------------
/opt/airflow/dags/etl_retail_dag.py                              1           0  0.14s           2026-01-31T13:50:31
/opt/airflow/dags/generate_data_dag.py     90  0.00s             1           0  0.16s           2026-01-31T13:50:20
================================================================================
[2026-01-31T13:51:21.725+0000] {manager.py:879} INFO - 
================================================================================
DAG File Processing Stats

File Path                                 PID  Runtime      # DAGs    # Errors  Last Runtime    Last Run
--------------------------------------  -----  ---------  --------  ----------  --------------  -------------------
/opt/airflow/dags/etl_retail_dag.py                              1           0  0.15s           2026-01-31T13:51:02
/opt/airflow/dags/generate_data_dag.py     92  0.01s             1           0  0.15s           2026-01-31T13:50:51
================================================================================
[2026-01-31T13:51:42.121+0000] {manager.py:738} INFO - Searching for files in /opt/airflow/dags
[2026-01-31T13:51:42.174+0000] {manager.py:741} INFO - There are 2 files in /opt/airflow/dags
[2026-01-31T13:51:52.350+0000] {manager.py:879} INFO - 
================================================================================
DAG File Processing Stats

File Path                                 PID  Runtime      # DAGs    # Errors  Last Runtime    Last Run
--------------------------------------  -----  ---------  --------  ----------  --------------  -------------------
/opt/airflow/dags/etl_retail_dag.py                              1           0  0.18s           2026-01-31T13:51:33
/opt/airflow/dags/generate_data_dag.py     94  0.01s             1           0  0.16s           2026-01-31T13:51:21
================================================================================
[2026-01-31T13:52:22.894+0000] {manager.py:879} INFO - 
================================================================================
DAG File Processing Stats

File Path                                 PID  Runtime      # DAGs    # Errors  Last Runtime    Last Run
--------------------------------------  -----  ---------  --------  ----------  --------------  -------------------
/opt/airflow/dags/etl_retail_dag.py                              1           0  0.19s           2026-01-31T13:52:03
/opt/airflow/dags/generate_data_dag.py     96  0.01s             1           0  0.18s           2026-01-31T13:51:52
================================================================================
[2026-01-31T13:52:53.450+0000] {manager.py:879} INFO - 
================================================================================
DAG File Processing Stats

File Path                                 PID  Runtime      # DAGs    # Errors  Last Runtime    Last Run
--------------------------------------  -----  ---------  --------  ----------  --------------  -------------------
/opt/airflow/dags/etl_retail_dag.py                              1           0  0.19s           2026-01-31T13:52:34
/opt/airflow/dags/generate_data_dag.py     98  0.01s             1           0  0.19s           2026-01-31T13:52:23
================================================================================
[2026-01-31T13:53:23.983+0000] {manager.py:879} INFO - 
================================================================================
DAG File Processing Stats

File Path                                 PID  Runtime      # DAGs    # Errors  Last Runtime    Last Run
--------------------------------------  -----  ---------  --------  ----------  --------------  -------------------
/opt/airflow/dags/etl_retail_dag.py                              1           0  0.18s           2026-01-31T13:53:04
/opt/airflow/dags/generate_data_dag.py    100  0.00s             1           0  0.16s           2026-01-31T13:52:53
================================================================================
[2026-01-31T13:53:54.481+0000] {manager.py:879} INFO - 
================================================================================
DAG File Processing Stats

File Path                                 PID  Runtime      # DAGs    # Errors  Last Runtime    Last Run
--------------------------------------  -----  ---------  --------  ----------  --------------  -------------------
/opt/airflow/dags/etl_retail_dag.py                              1           0  0.17s           2026-01-31T13:53:35
/opt/airflow/dags/generate_data_dag.py    102  0.00s             1           0  0.14s           2026-01-31T13:53:24
================================================================================
[2026-01-31T13:54:24.989+0000] {manager.py:879} INFO - 
================================================================================
DAG File Processing Stats

File Path                                 PID  Runtime      # DAGs    # Errors  Last Runtime    Last Run
--------------------------------------  -----  ---------  --------  ----------  --------------  -------------------
/opt/airflow/dags/etl_retail_dag.py                              1           0  0.16s           2026-01-31T13:54:05
/opt/airflow/dags/generate_data_dag.py    104  0.00s             1           0  0.14s           2026-01-31T13:53:54
================================================================================
[2026-01-31T13:54:55.450+0000] {manager.py:879} INFO - 
================================================================================
DAG File Processing Stats

File Path                                 PID  Runtime      # DAGs    # Errors  Last Runtime    Last Run
--------------------------------------  -----  ---------  --------  ----------  --------------  -------------------
/opt/airflow/dags/etl_retail_dag.py                              1           0  0.20s           2026-01-31T13:54:36
/opt/airflow/dags/generate_data_dag.py    106  0.01s             1           0  0.15s           2026-01-31T13:54:25
================================================================================
[2026-01-31T13:55:25.969+0000] {manager.py:879} INFO - 
================================================================================
DAG File Processing Stats

File Path                                 PID  Runtime      # DAGs    # Errors  Last Runtime    Last Run
--------------------------------------  -----  ---------  --------  ----------  --------------  -------------------
/opt/airflow/dags/etl_retail_dag.py                              1           0  0.16s           2026-01-31T13:55:06
/opt/airflow/dags/generate_data_dag.py    108  0.01s             1           0  0.18s           2026-01-31T13:54:55
================================================================================
[2026-01-31T13:55:56.469+0000] {manager.py:879} INFO - 
================================================================================
DAG File Processing Stats

File Path                                 PID  Runtime      # DAGs    # Errors  Last Runtime    Last Run
--------------------------------------  -----  ---------  --------  ----------  --------------  -------------------
/opt/airflow/dags/etl_retail_dag.py                              1           0  0.16s           2026-01-31T13:55:37
/opt/airflow/dags/generate_data_dag.py    110  0.01s             1           0  0.15s           2026-01-31T13:55:26
================================================================================
[2026-01-31T13:56:26.985+0000] {manager.py:879} INFO - 
================================================================================
DAG File Processing Stats

File Path                                 PID  Runtime      # DAGs    # Errors  Last Runtime    Last Run
--------------------------------------  -----  ---------  --------  ----------  --------------  -------------------
/opt/airflow/dags/etl_retail_dag.py                              1           0  0.19s           2026-01-31T13:56:07
/opt/airflow/dags/generate_data_dag.py    112  0.00s             1           0  0.17s           2026-01-31T13:55:56
================================================================================
[2026-01-31T13:56:42.301+0000] {manager.py:738} INFO - Searching for files in /opt/airflow/dags
[2026-01-31T13:56:42.361+0000] {manager.py:741} INFO - There are 2 files in /opt/airflow/dags
[2026-01-31T13:56:57.589+0000] {manager.py:879} INFO - 
================================================================================
DAG File Processing Stats

File Path                                 PID  Runtime      # DAGs    # Errors  Last Runtime    Last Run
--------------------------------------  -----  ---------  --------  ----------  --------------  -------------------
/opt/airflow/dags/etl_retail_dag.py                              1           0  0.19s           2026-01-31T13:56:38
/opt/airflow/dags/generate_data_dag.py    114  0.01s             1           0  0.15s           2026-01-31T13:56:27
================================================================================
[2026-01-31T13:57:28.108+0000] {manager.py:879} INFO - 
================================================================================
DAG File Processing Stats

File Path                                 PID  Runtime      # DAGs    # Errors  Last Runtime    Last Run
--------------------------------------  -----  ---------  --------  ----------  --------------  -------------------
/opt/airflow/dags/etl_retail_dag.py                              1           0  0.19s           2026-01-31T13:57:08
/opt/airflow/dags/generate_data_dag.py    116  0.00s             1           0  0.18s           2026-01-31T13:56:57
================================================================================
[2026-01-31T13:57:58.598+0000] {manager.py:879} INFO - 
================================================================================
DAG File Processing Stats

File Path                                 PID  Runtime      # DAGs    # Errors  Last Runtime    Last Run
--------------------------------------  -----  ---------  --------  ----------  --------------  -------------------
/opt/airflow/dags/etl_retail_dag.py                              1           0  0.18s           2026-01-31T13:57:39
/opt/airflow/dags/generate_data_dag.py    118  0.01s             1           0  0.14s           2026-01-31T13:57:28
================================================================================
[2026-01-31T13:58:29.102+0000] {manager.py:879} INFO - 
================================================================================
DAG File Processing Stats

File Path                                 PID  Runtime      # DAGs    # Errors  Last Runtime    Last Run
--------------------------------------  -----  ---------  --------  ----------  --------------  -------------------
/opt/airflow/dags/etl_retail_dag.py                              1           0  0.15s           2026-01-31T13:58:09
/opt/airflow/dags/generate_data_dag.py    120  0.00s             1           0  0.15s           2026-01-31T13:57:58
================================================================================
[2026-01-31T13:58:59.640+0000] {manager.py:879} INFO - 
================================================================================
DAG File Processing Stats

File Path                                 PID  Runtime      # DAGs    # Errors  Last Runtime    Last Run
--------------------------------------  -----  ---------  --------  ----------  --------------  -------------------
/opt/airflow/dags/etl_retail_dag.py                              1           0  0.15s           2026-01-31T13:58:40
/opt/airflow/dags/generate_data_dag.py    122  0.00s             1           0  0.17s           2026-01-31T13:58:29
================================================================================
[2026-01-31T13:59:30.217+0000] {manager.py:879} INFO - 
================================================================================
DAG File Processing Stats

File Path                                 PID  Runtime      # DAGs    # Errors  Last Runtime    Last Run
--------------------------------------  -----  ---------  --------  ----------  --------------  -------------------
/opt/airflow/dags/etl_retail_dag.py                              1           0  0.13s           2026-01-31T13:59:10
/opt/airflow/dags/generate_data_dag.py    124  0.01s             1           0  0.21s           2026-01-31T13:58:59
================================================================================
[2026-01-31T14:00:00.607+0000] {manager.py:879} INFO - 
================================================================================
DAG File Processing Stats

File Path                                 PID  Runtime      # DAGs    # Errors  Last Runtime    Last Run
--------------------------------------  -----  ---------  --------  ----------  --------------  -------------------
/opt/airflow/dags/etl_retail_dag.py                              1           0  0.13s           2026-01-31T13:59:41
/opt/airflow/dags/generate_data_dag.py    130  0.00s             1           0  0.23s           2026-01-31T13:59:30
================================================================================
[2026-01-31T14:00:26.314+0000] {manager.py:451} INFO - Exiting gracefully upon receiving signal 15
[2026-01-31T14:02:09.700+0000] {manager.py:469} INFO - Processing files using up to 2 processes at a time 
[2026-01-31T14:02:09.701+0000] {manager.py:470} INFO - Process each file at most once every 30 seconds
[2026-01-31T14:02:09.702+0000] {manager.py:471} INFO - Checking for new files in /opt/airflow/dags every 300 seconds
[2026-01-31T14:02:09.703+0000] {manager.py:738} INFO - Searching for files in /opt/airflow/dags
[2026-01-31T14:02:09.741+0000] {manager.py:741} INFO - There are 2 files in /opt/airflow/dags
[2026-01-31T14:02:09.893+0000] {manager.py:879} INFO - 
================================================================================
DAG File Processing Stats

File Path                                 PID  Runtime      # DAGs    # Errors  Last Runtime    Last Run
--------------------------------------  -----  ---------  --------  ----------  --------------  ----------
/opt/airflow/dags/etl_retail_dag.py        41  0.06s             0           0
/opt/airflow/dags/generate_data_dag.py     42  0.05s             0           0
================================================================================
[2026-01-31T14:02:40.108+0000] {manager.py:879} INFO - 
================================================================================
DAG File Processing Stats

File Path                               PID    Runtime      # DAGs    # Errors  Last Runtime    Last Run
--------------------------------------  -----  ---------  --------  ----------  --------------  -------------------
/opt/airflow/dags/etl_retail_dag.py                              1           0  0.37s           2026-01-31T14:02:10
/opt/airflow/dags/generate_data_dag.py                           1           0  0.36s           2026-01-31T14:02:10
================================================================================
[2026-01-31T14:03:10.954+0000] {manager.py:879} INFO - 
================================================================================
DAG File Processing Stats

File Path                                 PID  Runtime      # DAGs    # Errors  Last Runtime    Last Run
--------------------------------------  -----  ---------  --------  ----------  --------------  -------------------
/opt/airflow/dags/etl_retail_dag.py        53  0.02s             1           0  0.16s           2026-01-31T14:02:40
/opt/airflow/dags/generate_data_dag.py     54  0.01s             1           0  0.16s           2026-01-31T14:02:40
================================================================================
[2026-01-31T14:03:41.379+0000] {manager.py:879} INFO - 
================================================================================
DAG File Processing Stats

File Path                                 PID  Runtime      # DAGs    # Errors  Last Runtime    Last Run
--------------------------------------  -----  ---------  --------  ----------  --------------  -------------------
/opt/airflow/dags/etl_retail_dag.py        55  0.02s             1           0  0.15s           2026-01-31T14:03:11
/opt/airflow/dags/generate_data_dag.py     56  0.00s             1           0  0.13s           2026-01-31T14:03:11
================================================================================
[2026-01-31T14:04:11.834+0000] {manager.py:879} INFO - 
================================================================================
DAG File Processing Stats

File Path                                 PID  Runtime      # DAGs    # Errors  Last Runtime    Last Run
--------------------------------------  -----  ---------  --------  ----------  --------------  -------------------
/opt/airflow/dags/etl_retail_dag.py        57  0.03s             1           0  0.13s           2026-01-31T14:03:41
/opt/airflow/dags/generate_data_dag.py     58  0.00s             1           0  0.13s           2026-01-31T14:03:41
================================================================================
[2026-01-31T14:04:42.375+0000] {manager.py:879} INFO - 
================================================================================
DAG File Processing Stats

File Path                                 PID  Runtime      # DAGs    # Errors  Last Runtime    Last Run
--------------------------------------  -----  ---------  --------  ----------  --------------  -------------------
/opt/airflow/dags/etl_retail_dag.py        59  0.03s             1           0  0.18s           2026-01-31T14:04:11
/opt/airflow/dags/generate_data_dag.py     60  0.00s             1           0  0.16s           2026-01-31T14:04:11
================================================================================
[2026-01-31T14:05:12.738+0000] {manager.py:879} INFO - 
================================================================================
DAG File Processing Stats

File Path                                 PID  Runtime      # DAGs    # Errors  Last Runtime    Last Run
--------------------------------------  -----  ---------  --------  ----------  --------------  -------------------
/opt/airflow/dags/etl_retail_dag.py        61  0.03s             1           0  0.18s           2026-01-31T14:04:42
/opt/airflow/dags/generate_data_dag.py     62  0.00s             1           0  0.14s           2026-01-31T14:04:42
================================================================================
[2026-01-31T14:05:19.737+0000] {manager.py:451} INFO - Exiting gracefully upon receiving signal 15
[2026-01-31T14:06:16.344+0000] {manager.py:469} INFO - Processing files using up to 2 processes at a time 
[2026-01-31T14:06:16.345+0000] {manager.py:470} INFO - Process each file at most once every 30 seconds
[2026-01-31T14:06:16.346+0000] {manager.py:471} INFO - Checking for new files in /opt/airflow/dags every 300 seconds
[2026-01-31T14:06:16.347+0000] {manager.py:738} INFO - Searching for files in /opt/airflow/dags
[2026-01-31T14:06:16.410+0000] {manager.py:741} INFO - There are 3 files in /opt/airflow/dags
[2026-01-31T14:06:16.593+0000] {manager.py:879} INFO - 
================================================================================
DAG File Processing Stats

File Path                                       PID  Runtime      # DAGs    # Errors  Last Runtime    Last Run
--------------------------------------------  -----  ---------  --------  ----------  --------------  ----------
/opt/airflow/dags/etl_retail_dag.py              42  0.04s             0           0
/opt/airflow/dags/generate_data_dag.py                                 0           0
/opt/airflow/dags/retail_transactions_etl.py     41  0.06s             0           0
================================================================================
[2026-01-31T14:06:47.280+0000] {manager.py:879} INFO - 
================================================================================
DAG File Processing Stats

File Path                                       PID  Runtime      # DAGs    # Errors  Last Runtime    Last Run
--------------------------------------------  -----  ---------  --------  ----------  --------------  -------------------
/opt/airflow/dags/etl_retail_dag.py              45  0.01s             1           0  0.37s           2026-01-31T14:06:16
/opt/airflow/dags/generate_data_dag.py                                 1           0  0.26s           2026-01-31T14:06:17
/opt/airflow/dags/retail_transactions_etl.py     44  0.03s             1           0  0.41s           2026-01-31T14:06:16
================================================================================
[2026-01-31T14:07:17.943+0000] {manager.py:879} INFO - 
================================================================================
DAG File Processing Stats

File Path                                       PID  Runtime      # DAGs    # Errors  Last Runtime    Last Run
--------------------------------------------  -----  ---------  --------  ----------  --------------  -------------------
/opt/airflow/dags/etl_retail_dag.py              48  0.01s             1           0  0.17s           2026-01-31T14:06:47
/opt/airflow/dags/generate_data_dag.py                                 1           0  0.15s           2026-01-31T14:06:47
/opt/airflow/dags/retail_transactions_etl.py     47  0.02s             1           0  0.22s           2026-01-31T14:06:47
================================================================================
[2026-01-31T14:07:48.531+0000] {manager.py:879} INFO - 
================================================================================
DAG File Processing Stats

File Path                                       PID  Runtime      # DAGs    # Errors  Last Runtime    Last Run
--------------------------------------------  -----  ---------  --------  ----------  --------------  -------------------
/opt/airflow/dags/etl_retail_dag.py              51  0.00s             1           0  0.15s           2026-01-31T14:07:18
/opt/airflow/dags/generate_data_dag.py                                 1           0  0.16s           2026-01-31T14:07:18
/opt/airflow/dags/retail_transactions_etl.py     50  0.03s             1           0  0.15s           2026-01-31T14:07:18
================================================================================
[2026-01-31T14:08:09.000+0000] {manager.py:1129} WARNING - Skipping processing of missing file: /opt/airflow/dags/retail_transactions_etl.py
[2026-01-31T14:08:19.164+0000] {manager.py:879} INFO - 
================================================================================
DAG File Processing Stats

File Path                                 PID  Runtime      # DAGs    # Errors  Last Runtime    Last Run
--------------------------------------  -----  ---------  --------  ----------  --------------  -------------------
/opt/airflow/dags/etl_retail_dag.py        53  0.03s             1           0  0.14s           2026-01-31T14:07:48
/opt/airflow/dags/generate_data_dag.py     54  0.01s             1           0  0.21s           2026-01-31T14:07:48
================================================================================
[2026-01-31T14:08:30.999+0000] {manager.py:451} INFO - Exiting gracefully upon receiving signal 15
