[2026-01-31T12:15:16.363+0000] {taskinstance.py:1956} INFO - Dependencies all met for dep_context=non-requeueable deps ti=<TaskInstance: 02_retail_etl_hourly.sync_transactions scheduled__2026-01-31T11:00:00+00:00 [queued]>
[2026-01-31T12:15:16.372+0000] {taskinstance.py:1956} INFO - Dependencies all met for dep_context=requeueable deps ti=<TaskInstance: 02_retail_etl_hourly.sync_transactions scheduled__2026-01-31T11:00:00+00:00 [queued]>
[2026-01-31T12:15:16.373+0000] {taskinstance.py:2170} INFO - Starting attempt 1 of 2
[2026-01-31T12:15:16.387+0000] {taskinstance.py:2191} INFO - Executing <Task(PythonOperator): sync_transactions> on 2026-01-31 11:00:00+00:00
[2026-01-31T12:15:16.392+0000] {standard_task_runner.py:60} INFO - Started process 67 to run task
[2026-01-31T12:15:16.396+0000] {standard_task_runner.py:87} INFO - Running: ['***', 'tasks', 'run', '02_retail_etl_hourly', 'sync_transactions', 'scheduled__2026-01-31T11:00:00+00:00', '--job-id', '5', '--raw', '--subdir', 'DAGS_FOLDER/etl_retail_dag.py', '--cfg-path', '/tmp/tmp3zekshl1']
[2026-01-31T12:15:16.397+0000] {standard_task_runner.py:88} INFO - Job 5: Subtask sync_transactions
[2026-01-31T12:15:16.466+0000] {task_command.py:423} INFO - Running <TaskInstance: 02_retail_etl_hourly.sync_transactions scheduled__2026-01-31T11:00:00+00:00 [running]> on host ef89f8376eb9
[2026-01-31T12:15:16.560+0000] {taskinstance.py:2480} INFO - Exporting env vars: AIRFLOW_CTX_DAG_OWNER='lion_parcel' AIRFLOW_CTX_DAG_ID='02_retail_etl_hourly' AIRFLOW_CTX_TASK_ID='sync_transactions' AIRFLOW_CTX_EXECUTION_DATE='2026-01-31T11:00:00+00:00' AIRFLOW_CTX_TRY_NUMBER='1' AIRFLOW_CTX_DAG_RUN_ID='scheduled__2026-01-31T11:00:00+00:00'
[2026-01-31T12:15:16.563+0000] {crypto.py:82} WARNING - empty cryptography key - values will not be stored encrypted.
[2026-01-31T12:15:16.564+0000] {base.py:83} INFO - Using connection ID 'DATA_WAREHOUSE' for task execution.
[2026-01-31T12:15:16.572+0000] {etl_retail_dag.py:39} INFO - Starting ETL with Watermark: 1970-01-01 00:00:00
[2026-01-31T12:15:16.573+0000] {base.py:83} INFO - Using connection ID 'SOURCE_DB' for task execution.
[2026-01-31T12:15:16.583+0000] {etl_retail_dag.py:56} INFO - Extracted 30 rows to sync.
[2026-01-31T12:15:16.585+0000] {base.py:83} INFO - Using connection ID 'DATA_WAREHOUSE' for task execution.
[2026-01-31T12:15:16.604+0000] {etl_retail_dag.py:75} INFO - Data synced successfully.
[2026-01-31T12:15:16.606+0000] {python.py:201} INFO - Done. Returned value was: None
[2026-01-31T12:15:16.620+0000] {taskinstance.py:1138} INFO - Marking task as SUCCESS. dag_id=02_retail_etl_hourly, task_id=sync_transactions, execution_date=20260131T110000, start_date=20260131T121516, end_date=20260131T121516
[2026-01-31T12:15:16.650+0000] {local_task_job_runner.py:234} INFO - Task exited with return code 0
[2026-01-31T12:15:16.676+0000] {taskinstance.py:3280} INFO - 0 downstream tasks scheduled from follow-on schedule check
