[2026-01-31T13:42:36.311+0000] {taskinstance.py:1956} INFO - Dependencies all met for dep_context=non-requeueable deps ti=<TaskInstance: 02_retail_etl_hourly.sync_transactions manual__2026-01-31T13:42:34.652408+00:00 [queued]>
[2026-01-31T13:42:36.320+0000] {taskinstance.py:1956} INFO - Dependencies all met for dep_context=requeueable deps ti=<TaskInstance: 02_retail_etl_hourly.sync_transactions manual__2026-01-31T13:42:34.652408+00:00 [queued]>
[2026-01-31T13:42:36.321+0000] {taskinstance.py:2170} INFO - Starting attempt 1 of 2
[2026-01-31T13:42:36.334+0000] {taskinstance.py:2191} INFO - Executing <Task(PythonOperator): sync_transactions> on 2026-01-31 13:42:34.652408+00:00
[2026-01-31T13:42:36.339+0000] {standard_task_runner.py:60} INFO - Started process 66 to run task
[2026-01-31T13:42:36.343+0000] {standard_task_runner.py:87} INFO - Running: ['***', 'tasks', 'run', '02_retail_etl_hourly', 'sync_transactions', 'manual__2026-01-31T13:42:34.652408+00:00', '--job-id', '4', '--raw', '--subdir', 'DAGS_FOLDER/etl_retail_dag.py', '--cfg-path', '/tmp/tmp1gzqejsd']
[2026-01-31T13:42:36.345+0000] {standard_task_runner.py:88} INFO - Job 4: Subtask sync_transactions
[2026-01-31T13:42:36.399+0000] {task_command.py:423} INFO - Running <TaskInstance: 02_retail_etl_hourly.sync_transactions manual__2026-01-31T13:42:34.652408+00:00 [running]> on host cdb69b1212c9
[2026-01-31T13:42:36.477+0000] {taskinstance.py:2480} INFO - Exporting env vars: AIRFLOW_CTX_DAG_OWNER='lion_parcel' AIRFLOW_CTX_DAG_ID='02_retail_etl_hourly' AIRFLOW_CTX_TASK_ID='sync_transactions' AIRFLOW_CTX_EXECUTION_DATE='2026-01-31T13:42:34.652408+00:00' AIRFLOW_CTX_TRY_NUMBER='1' AIRFLOW_CTX_DAG_RUN_ID='manual__2026-01-31T13:42:34.652408+00:00'
[2026-01-31T13:42:36.480+0000] {crypto.py:82} WARNING - empty cryptography key - values will not be stored encrypted.
[2026-01-31T13:42:36.481+0000] {base.py:83} INFO - Using connection ID 'DATA_WAREHOUSE' for task execution.
[2026-01-31T13:42:36.490+0000] {etl_retail_dag.py:39} INFO - Starting ETL with Watermark: 1970-01-01 00:00:00
[2026-01-31T13:42:36.491+0000] {base.py:83} INFO - Using connection ID 'SOURCE_DB' for task execution.
[2026-01-31T13:42:36.497+0000] {etl_retail_dag.py:56} INFO - Extracted 20 rows to sync.
[2026-01-31T13:42:36.499+0000] {base.py:83} INFO - Using connection ID 'DATA_WAREHOUSE' for task execution.
[2026-01-31T13:42:36.515+0000] {etl_retail_dag.py:75} INFO - Data synced successfully.
[2026-01-31T13:42:36.516+0000] {python.py:201} INFO - Done. Returned value was: None
[2026-01-31T13:42:36.525+0000] {taskinstance.py:1138} INFO - Marking task as SUCCESS. dag_id=02_retail_etl_hourly, task_id=sync_transactions, execution_date=20260131T134234, start_date=20260131T134236, end_date=20260131T134236
[2026-01-31T13:42:36.557+0000] {local_task_job_runner.py:234} INFO - Task exited with return code 0
[2026-01-31T13:42:36.577+0000] {taskinstance.py:3280} INFO - 0 downstream tasks scheduled from follow-on schedule check
